[0.008s] Invoking command in '/home/thien123/ROS2WS/robocon_ws/build/robocon_interfaces': CMAKE_PREFIX_PATH=/home/thien123/robocon_communicate/install/robocon_communication:/opt/ros/humble /usr/bin/cmake /home/thien123/ROS2WS/robocon_ws/src/robocon_interfaces -DCMAKE_INSTALL_PREFIX=/home/thien123/ROS2WS/robocon_ws/install/robocon_interfaces
[0.052s] -- The C compiler identification is GNU 11.4.0
[0.102s] -- The CXX compiler identification is GNU 11.4.0
[0.108s] -- Detecting C compiler ABI info
[0.164s] -- Detecting C compiler ABI info - done
[0.172s] -- Check for working C compiler: /usr/bin/cc - skipped
[0.173s] -- Detecting C compile features
[0.173s] -- Detecting C compile features - done
[0.176s] -- Detecting CXX compiler ABI info
[0.255s] -- Detecting CXX compiler ABI info - done
[0.263s] -- Check for working CXX compiler: /usr/bin/c++ - skipped
[0.263s] -- Detecting CXX compile features
[0.264s] -- Detecting CXX compile features - done
[0.266s] -- Found ament_cmake: 1.3.12 (/opt/ros/humble/share/ament_cmake/cmake)
[0.401s] -- Found Python3: /usr/bin/python3 (found version "3.10.12") found components: Interpreter 
[0.494s] -- Found rosidl_default_generators: 1.2.0 (/opt/ros/humble/share/rosidl_default_generators/cmake)
[0.497s] -- Using all available rosidl_typesupport_c: rosidl_typesupport_fastrtps_c;rosidl_typesupport_introspection_c
[0.504s] -- Found rosidl_adapter: 3.1.7 (/opt/ros/humble/share/rosidl_adapter/cmake)
[0.541s] -- Using all available rosidl_typesupport_cpp: rosidl_typesupport_fastrtps_cpp;rosidl_typesupport_introspection_cpp
[0.806s] -- Found ament_cmake_ros: 0.10.0 (/opt/ros/humble/share/ament_cmake_ros/cmake)
[0.978s] -- Using all available rosidl_typesupport_c: rosidl_typesupport_fastrtps_c;rosidl_typesupport_introspection_c
[1.194s] -- Using all available rosidl_typesupport_cpp: rosidl_typesupport_fastrtps_cpp;rosidl_typesupport_introspection_cpp
[1.221s] -- Found PythonInterp: /usr/bin/python3 (found suitable version "3.10.12", minimum required is "3.6") 
[1.222s] -- Found python_cmake_module: 0.10.0 (/opt/ros/humble/share/python_cmake_module/cmake)
[1.249s] -- Found PythonLibs: /usr/lib/x86_64-linux-gnu/libpython3.10.so (found suitable version "3.10.12", minimum required is "3.5") 
[1.249s] -- Using PYTHON_EXECUTABLE: /usr/bin/python3
[1.249s] -- Using PYTHON_INCLUDE_DIRS: /usr/include/python3.10
[1.249s] -- Using PYTHON_LIBRARIES: /usr/lib/x86_64-linux-gnu/libpython3.10.so
[1.269s] -- Found PythonExtra: .so  
[1.302s] -- Configuring done
[1.325s] -- Generating done
[1.334s] -- Build files have been written to: /home/thien123/ROS2WS/robocon_ws/build/robocon_interfaces
[1.341s] Invoked command in '/home/thien123/ROS2WS/robocon_ws/build/robocon_interfaces' returned '0': CMAKE_PREFIX_PATH=/home/thien123/robocon_communicate/install/robocon_communication:/opt/ros/humble /usr/bin/cmake /home/thien123/ROS2WS/robocon_ws/src/robocon_interfaces -DCMAKE_INSTALL_PREFIX=/home/thien123/ROS2WS/robocon_ws/install/robocon_interfaces
[1.343s] Invoking command in '/home/thien123/ROS2WS/robocon_ws/build/robocon_interfaces': CMAKE_PREFIX_PATH=/home/thien123/robocon_communicate/install/robocon_communication:/opt/ros/humble /usr/bin/cmake --build /home/thien123/ROS2WS/robocon_ws/build/robocon_interfaces -- -j16 -l16
[1.372s] [  3%] [34m[1mGenerating C code for ROS interfaces[0m
[1.379s] [  6%] [34m[1mGenerating C++ code for ROS interfaces[0m
[1.386s] [  6%] Built target ament_cmake_python_copy_robocon_interfaces
[1.643s] [  6%] Built target robocon_interfaces__cpp
[1.644s] [  9%] [32mBuilding C object CMakeFiles/robocon_interfaces__rosidl_generator_c.dir/rosidl_generator_c/robocon_interfaces/srv/detail/image_analysis__functions.c.o[0m
[1.651s] [ 19%] [34m[1mGenerating C++ type support dispatch for ROS interfaces[0m
[1.651s] [ 19%] [34m[1mGenerating C++ introspection for ROS interfaces[0m
[1.651s] [ 19%] [34m[1mGenerating C++ type support for eProsima Fast-RTPS[0m
[1.663s] running egg_info
[1.663s] creating robocon_interfaces.egg-info
[1.663s] writing robocon_interfaces.egg-info/PKG-INFO
[1.663s] writing dependency_links to robocon_interfaces.egg-info/dependency_links.txt
[1.663s] writing top-level names to robocon_interfaces.egg-info/top_level.txt
[1.664s] writing manifest file 'robocon_interfaces.egg-info/SOURCES.txt'
[1.665s] reading manifest file 'robocon_interfaces.egg-info/SOURCES.txt'
[1.666s] writing manifest file 'robocon_interfaces.egg-info/SOURCES.txt'
[1.689s] [ 19%] Built target ament_cmake_python_build_robocon_interfaces_egg
[1.693s] [ 22%] [32m[1mLinking C shared library librobocon_interfaces__rosidl_generator_c.so[0m
[1.731s] [ 22%] Built target robocon_interfaces__rosidl_generator_c
[1.740s] [ 32%] [34m[1mGenerating C type support dispatch for ROS interfaces[0m
[1.740s] [ 32%] [34m[1mGenerating C introspection for ROS interfaces[0m
[1.740s] [ 32%] [34m[1mGenerating C type support for eProsima Fast-RTPS[0m
[1.888s] [ 35%] [32mBuilding CXX object CMakeFiles/robocon_interfaces__rosidl_typesupport_cpp.dir/rosidl_typesupport_cpp/robocon_interfaces/srv/image_analysis__type_support.cpp.o[0m
[1.905s] [ 38%] [32mBuilding CXX object CMakeFiles/robocon_interfaces__rosidl_typesupport_introspection_cpp.dir/rosidl_typesupport_introspection_cpp/robocon_interfaces/srv/detail/image_analysis__type_support.cpp.o[0m
[1.919s] [ 41%] [32mBuilding CXX object CMakeFiles/robocon_interfaces__rosidl_typesupport_fastrtps_cpp.dir/rosidl_typesupport_fastrtps_cpp/robocon_interfaces/srv/detail/dds_fastrtps/image_analysis__type_support.cpp.o[0m
[1.967s] [ 45%] [32mBuilding CXX object CMakeFiles/robocon_interfaces__rosidl_typesupport_c.dir/rosidl_typesupport_c/robocon_interfaces/srv/image_analysis__type_support.cpp.o[0m
[2.001s] [ 48%] [32m[1mLinking CXX shared library librobocon_interfaces__rosidl_typesupport_c.so[0m
[2.001s] [ 51%] [32mBuilding C object CMakeFiles/robocon_interfaces__rosidl_typesupport_introspection_c.dir/rosidl_typesupport_introspection_c/robocon_interfaces/srv/detail/image_analysis__type_support.c.o[0m
[2.002s] [ 54%] [32mBuilding CXX object CMakeFiles/robocon_interfaces__rosidl_typesupport_fastrtps_c.dir/rosidl_typesupport_fastrtps_c/robocon_interfaces/srv/detail/image_analysis__type_support_c.cpp.o[0m
[2.032s] [ 58%] [32m[1mLinking C shared library librobocon_interfaces__rosidl_typesupport_introspection_c.so[0m
[2.037s] [ 58%] Built target robocon_interfaces__rosidl_typesupport_c
[2.057s] [ 58%] Built target robocon_interfaces__rosidl_typesupport_introspection_c
[2.152s] [ 61%] [32m[1mLinking CXX shared library librobocon_interfaces__rosidl_typesupport_cpp.so[0m
[2.186s] [ 61%] Built target robocon_interfaces__rosidl_typesupport_cpp
[2.282s] [ 64%] [32m[1mLinking CXX shared library librobocon_interfaces__rosidl_typesupport_introspection_cpp.so[0m
[2.323s] [ 67%] [32m[1mLinking CXX shared library librobocon_interfaces__rosidl_typesupport_fastrtps_cpp.so[0m
[2.333s] [ 67%] Built target robocon_interfaces__rosidl_typesupport_introspection_cpp
[2.337s] [ 70%] [32m[1mLinking CXX shared library librobocon_interfaces__rosidl_typesupport_fastrtps_c.so[0m
[2.386s] [ 70%] Built target robocon_interfaces__rosidl_typesupport_fastrtps_cpp
[2.398s] [ 70%] Built target robocon_interfaces__rosidl_typesupport_fastrtps_c
[2.414s] [ 70%] Built target robocon_interfaces
[2.429s] [ 74%] [34m[1mGenerating Python code for ROS interfaces[0m
[2.795s] [ 74%] Built target robocon_interfaces__py
[2.809s] [ 77%] [32mBuilding C object CMakeFiles/robocon_interfaces__rosidl_generator_py.dir/rosidl_generator_py/robocon_interfaces/srv/_image_analysis_s.c.o[0m
[2.901s] [ 80%] [32m[1mLinking C shared library rosidl_generator_py/robocon_interfaces/librobocon_interfaces__rosidl_generator_py.so[0m
[2.932s] [ 80%] Built target robocon_interfaces__rosidl_generator_py
[2.948s] [ 90%] [32mBuilding C object CMakeFiles/robocon_interfaces__rosidl_typesupport_introspection_c__pyext.dir/rosidl_generator_py/robocon_interfaces/_robocon_interfaces_s.ep.rosidl_typesupport_introspection_c.c.o[0m
[2.948s] [ 90%] [32mBuilding C object CMakeFiles/robocon_interfaces__rosidl_typesupport_c__pyext.dir/rosidl_generator_py/robocon_interfaces/_robocon_interfaces_s.ep.rosidl_typesupport_c.c.o[0m
[2.948s] [ 90%] [32mBuilding C object CMakeFiles/robocon_interfaces__rosidl_typesupport_fastrtps_c__pyext.dir/rosidl_generator_py/robocon_interfaces/_robocon_interfaces_s.ep.rosidl_typesupport_fastrtps_c.c.o[0m
[3.038s] [ 93%] [32m[1mLinking C shared library rosidl_generator_py/robocon_interfaces/robocon_interfaces_s__rosidl_typesupport_introspection_c.cpython-310-x86_64-linux-gnu.so[0m
[3.038s] [ 96%] [32m[1mLinking C shared library rosidl_generator_py/robocon_interfaces/robocon_interfaces_s__rosidl_typesupport_c.cpython-310-x86_64-linux-gnu.so[0m
[3.040s] [100%] [32m[1mLinking C shared library rosidl_generator_py/robocon_interfaces/robocon_interfaces_s__rosidl_typesupport_fastrtps_c.cpython-310-x86_64-linux-gnu.so[0m
[3.064s] [100%] Built target robocon_interfaces__rosidl_typesupport_c__pyext
[3.064s] [100%] Built target robocon_interfaces__rosidl_typesupport_introspection_c__pyext
[3.066s] [100%] Built target robocon_interfaces__rosidl_typesupport_fastrtps_c__pyext
[3.075s] Invoked command in '/home/thien123/ROS2WS/robocon_ws/build/robocon_interfaces' returned '0': CMAKE_PREFIX_PATH=/home/thien123/robocon_communicate/install/robocon_communication:/opt/ros/humble /usr/bin/cmake --build /home/thien123/ROS2WS/robocon_ws/build/robocon_interfaces -- -j16 -l16
[3.082s] Invoking command in '/home/thien123/ROS2WS/robocon_ws/build/robocon_interfaces': CMAKE_PREFIX_PATH=/home/thien123/robocon_communicate/install/robocon_communication:/opt/ros/humble /usr/bin/cmake --install /home/thien123/ROS2WS/robocon_ws/build/robocon_interfaces
[3.088s] -- Install configuration: ""
[3.088s] -- Installing: /home/thien123/ROS2WS/robocon_ws/install/robocon_interfaces/share/ament_index/resource_index/rosidl_interfaces/robocon_interfaces
[3.088s] -- Installing: /home/thien123/ROS2WS/robocon_ws/install/robocon_interfaces/include/robocon_interfaces/robocon_interfaces
[3.088s] -- Installing: /home/thien123/ROS2WS/robocon_ws/install/robocon_interfaces/include/robocon_interfaces/robocon_interfaces/msg
[3.088s] -- Installing: /home/thien123/ROS2WS/robocon_ws/install/robocon_interfaces/include/robocon_interfaces/robocon_interfaces/msg/rosidl_generator_c__visibility_control.h
[3.088s] -- Installing: /home/thien123/ROS2WS/robocon_ws/install/robocon_interfaces/include/robocon_interfaces/robocon_interfaces/srv
[3.088s] -- Installing: /home/thien123/ROS2WS/robocon_ws/install/robocon_interfaces/include/robocon_interfaces/robocon_interfaces/srv/detail
[3.089s] -- Installing: /home/thien123/ROS2WS/robocon_ws/install/robocon_interfaces/include/robocon_interfaces/robocon_interfaces/srv/detail/image_analysis__struct.h
[3.089s] -- Installing: /home/thien123/ROS2WS/robocon_ws/install/robocon_interfaces/include/robocon_interfaces/robocon_interfaces/srv/detail/image_analysis__functions.c
[3.089s] -- Installing: /home/thien123/ROS2WS/robocon_ws/install/robocon_interfaces/include/robocon_interfaces/robocon_interfaces/srv/detail/image_analysis__type_support.h
[3.089s] -- Installing: /home/thien123/ROS2WS/robocon_ws/install/robocon_interfaces/include/robocon_interfaces/robocon_interfaces/srv/detail/image_analysis__functions.h
[3.089s] -- Installing: /home/thien123/ROS2WS/robocon_ws/install/robocon_interfaces/include/robocon_interfaces/robocon_interfaces/srv/image_analysis.h
[3.089s] -- Installing: /home/thien123/ROS2WS/robocon_ws/install/robocon_interfaces/share/robocon_interfaces/environment/library_path.sh
[3.089s] -- Installing: /home/thien123/ROS2WS/robocon_ws/install/robocon_interfaces/share/robocon_interfaces/environment/library_path.dsv
[3.089s] -- Installing: /home/thien123/ROS2WS/robocon_ws/install/robocon_interfaces/lib/librobocon_interfaces__rosidl_generator_c.so
[3.089s] -- Set runtime path of "/home/thien123/ROS2WS/robocon_ws/install/robocon_interfaces/lib/librobocon_interfaces__rosidl_generator_c.so" to ""
[3.089s] -- Up-to-date: /home/thien123/ROS2WS/robocon_ws/install/robocon_interfaces/include/robocon_interfaces/robocon_interfaces
[3.090s] -- Up-to-date: /home/thien123/ROS2WS/robocon_ws/install/robocon_interfaces/include/robocon_interfaces/robocon_interfaces/msg
[3.090s] -- Installing: /home/thien123/ROS2WS/robocon_ws/install/robocon_interfaces/include/robocon_interfaces/robocon_interfaces/msg/rosidl_typesupport_fastrtps_c__visibility_control.h
[3.090s] -- Up-to-date: /home/thien123/ROS2WS/robocon_ws/install/robocon_interfaces/include/robocon_interfaces/robocon_interfaces/srv
[3.090s] -- Up-to-date: /home/thien123/ROS2WS/robocon_ws/install/robocon_interfaces/include/robocon_interfaces/robocon_interfaces/srv/detail
[3.090s] -- Installing: /home/thien123/ROS2WS/robocon_ws/install/robocon_interfaces/include/robocon_interfaces/robocon_interfaces/srv/detail/image_analysis__rosidl_typesupport_fastrtps_c.h
[3.090s] -- Installing: /home/thien123/ROS2WS/robocon_ws/install/robocon_interfaces/lib/librobocon_interfaces__rosidl_typesupport_fastrtps_c.so
[3.090s] -- Set runtime path of "/home/thien123/ROS2WS/robocon_ws/install/robocon_interfaces/lib/librobocon_interfaces__rosidl_typesupport_fastrtps_c.so" to ""
[3.090s] -- Up-to-date: /home/thien123/ROS2WS/robocon_ws/install/robocon_interfaces/include/robocon_interfaces/robocon_interfaces
[3.090s] -- Up-to-date: /home/thien123/ROS2WS/robocon_ws/install/robocon_interfaces/include/robocon_interfaces/robocon_interfaces/msg
[3.090s] -- Installing: /home/thien123/ROS2WS/robocon_ws/install/robocon_interfaces/include/robocon_interfaces/robocon_interfaces/msg/rosidl_typesupport_introspection_c__visibility_control.h
[3.090s] -- Up-to-date: /home/thien123/ROS2WS/robocon_ws/install/robocon_interfaces/include/robocon_interfaces/robocon_interfaces/srv
[3.090s] -- Up-to-date: /home/thien123/ROS2WS/robocon_ws/install/robocon_interfaces/include/robocon_interfaces/robocon_interfaces/srv/detail
[3.090s] -- Installing: /home/thien123/ROS2WS/robocon_ws/install/robocon_interfaces/include/robocon_interfaces/robocon_interfaces/srv/detail/image_analysis__type_support.c
[3.090s] -- Installing: /home/thien123/ROS2WS/robocon_ws/install/robocon_interfaces/include/robocon_interfaces/robocon_interfaces/srv/detail/image_analysis__rosidl_typesupport_introspection_c.h
[3.091s] -- Installing: /home/thien123/ROS2WS/robocon_ws/install/robocon_interfaces/lib/librobocon_interfaces__rosidl_typesupport_introspection_c.so
[3.091s] -- Set runtime path of "/home/thien123/ROS2WS/robocon_ws/install/robocon_interfaces/lib/librobocon_interfaces__rosidl_typesupport_introspection_c.so" to ""
[3.091s] -- Installing: /home/thien123/ROS2WS/robocon_ws/install/robocon_interfaces/lib/librobocon_interfaces__rosidl_typesupport_c.so
[3.091s] -- Set runtime path of "/home/thien123/ROS2WS/robocon_ws/install/robocon_interfaces/lib/librobocon_interfaces__rosidl_typesupport_c.so" to ""
[3.091s] -- Up-to-date: /home/thien123/ROS2WS/robocon_ws/install/robocon_interfaces/include/robocon_interfaces/robocon_interfaces
[3.091s] -- Up-to-date: /home/thien123/ROS2WS/robocon_ws/install/robocon_interfaces/include/robocon_interfaces/robocon_interfaces/msg
[3.091s] -- Installing: /home/thien123/ROS2WS/robocon_ws/install/robocon_interfaces/include/robocon_interfaces/robocon_interfaces/msg/rosidl_generator_cpp__visibility_control.hpp
[3.091s] -- Up-to-date: /home/thien123/ROS2WS/robocon_ws/install/robocon_interfaces/include/robocon_interfaces/robocon_interfaces/srv
[3.091s] -- Installing: /home/thien123/ROS2WS/robocon_ws/install/robocon_interfaces/include/robocon_interfaces/robocon_interfaces/srv/image_analysis.hpp
[3.091s] -- Up-to-date: /home/thien123/ROS2WS/robocon_ws/install/robocon_interfaces/include/robocon_interfaces/robocon_interfaces/srv/detail
[3.091s] -- Installing: /home/thien123/ROS2WS/robocon_ws/install/robocon_interfaces/include/robocon_interfaces/robocon_interfaces/srv/detail/image_analysis__type_support.hpp
[3.091s] -- Installing: /home/thien123/ROS2WS/robocon_ws/install/robocon_interfaces/include/robocon_interfaces/robocon_interfaces/srv/detail/image_analysis__builder.hpp
[3.092s] -- Installing: /home/thien123/ROS2WS/robocon_ws/install/robocon_interfaces/include/robocon_interfaces/robocon_interfaces/srv/detail/image_analysis__struct.hpp
[3.092s] -- Installing: /home/thien123/ROS2WS/robocon_ws/install/robocon_interfaces/include/robocon_interfaces/robocon_interfaces/srv/detail/image_analysis__traits.hpp
[3.092s] -- Up-to-date: /home/thien123/ROS2WS/robocon_ws/install/robocon_interfaces/include/robocon_interfaces/robocon_interfaces
[3.092s] -- Up-to-date: /home/thien123/ROS2WS/robocon_ws/install/robocon_interfaces/include/robocon_interfaces/robocon_interfaces/msg
[3.092s] -- Installing: /home/thien123/ROS2WS/robocon_ws/install/robocon_interfaces/include/robocon_interfaces/robocon_interfaces/msg/rosidl_typesupport_fastrtps_cpp__visibility_control.h
[3.092s] -- Up-to-date: /home/thien123/ROS2WS/robocon_ws/install/robocon_interfaces/include/robocon_interfaces/robocon_interfaces/srv
[3.092s] -- Up-to-date: /home/thien123/ROS2WS/robocon_ws/install/robocon_interfaces/include/robocon_interfaces/robocon_interfaces/srv/detail
[3.092s] -- Installing: /home/thien123/ROS2WS/robocon_ws/install/robocon_interfaces/include/robocon_interfaces/robocon_interfaces/srv/detail/image_analysis__rosidl_typesupport_fastrtps_cpp.hpp
[3.092s] -- Installing: /home/thien123/ROS2WS/robocon_ws/install/robocon_interfaces/include/robocon_interfaces/robocon_interfaces/srv/detail/dds_fastrtps
[3.092s] -- Installing: /home/thien123/ROS2WS/robocon_ws/install/robocon_interfaces/lib/librobocon_interfaces__rosidl_typesupport_fastrtps_cpp.so
[3.092s] -- Set runtime path of "/home/thien123/ROS2WS/robocon_ws/install/robocon_interfaces/lib/librobocon_interfaces__rosidl_typesupport_fastrtps_cpp.so" to ""
[3.092s] -- Up-to-date: /home/thien123/ROS2WS/robocon_ws/install/robocon_interfaces/include/robocon_interfaces/robocon_interfaces
[3.092s] -- Up-to-date: /home/thien123/ROS2WS/robocon_ws/install/robocon_interfaces/include/robocon_interfaces/robocon_interfaces/srv
[3.092s] -- Up-to-date: /home/thien123/ROS2WS/robocon_ws/install/robocon_interfaces/include/robocon_interfaces/robocon_interfaces/srv/detail
[3.093s] -- Installing: /home/thien123/ROS2WS/robocon_ws/install/robocon_interfaces/include/robocon_interfaces/robocon_interfaces/srv/detail/image_analysis__rosidl_typesupport_introspection_cpp.hpp
[3.093s] -- Installing: /home/thien123/ROS2WS/robocon_ws/install/robocon_interfaces/include/robocon_interfaces/robocon_interfaces/srv/detail/image_analysis__type_support.cpp
[3.093s] -- Installing: /home/thien123/ROS2WS/robocon_ws/install/robocon_interfaces/lib/librobocon_interfaces__rosidl_typesupport_introspection_cpp.so
[3.093s] -- Set runtime path of "/home/thien123/ROS2WS/robocon_ws/install/robocon_interfaces/lib/librobocon_interfaces__rosidl_typesupport_introspection_cpp.so" to ""
[3.093s] -- Installing: /home/thien123/ROS2WS/robocon_ws/install/robocon_interfaces/lib/librobocon_interfaces__rosidl_typesupport_cpp.so
[3.093s] -- Set runtime path of "/home/thien123/ROS2WS/robocon_ws/install/robocon_interfaces/lib/librobocon_interfaces__rosidl_typesupport_cpp.so" to ""
[3.093s] -- Installing: /home/thien123/ROS2WS/robocon_ws/install/robocon_interfaces/share/robocon_interfaces/environment/pythonpath.sh
[3.093s] -- Installing: /home/thien123/ROS2WS/robocon_ws/install/robocon_interfaces/share/robocon_interfaces/environment/pythonpath.dsv
[3.093s] -- Installing: /home/thien123/ROS2WS/robocon_ws/install/robocon_interfaces/local/lib/python3.10/dist-packages/robocon_interfaces-0.0.0-py3.10.egg-info
[3.093s] -- Installing: /home/thien123/ROS2WS/robocon_ws/install/robocon_interfaces/local/lib/python3.10/dist-packages/robocon_interfaces-0.0.0-py3.10.egg-info/top_level.txt
[3.094s] -- Installing: /home/thien123/ROS2WS/robocon_ws/install/robocon_interfaces/local/lib/python3.10/dist-packages/robocon_interfaces-0.0.0-py3.10.egg-info/dependency_links.txt
[3.094s] -- Installing: /home/thien123/ROS2WS/robocon_ws/install/robocon_interfaces/local/lib/python3.10/dist-packages/robocon_interfaces-0.0.0-py3.10.egg-info/PKG-INFO
[3.094s] -- Installing: /home/thien123/ROS2WS/robocon_ws/install/robocon_interfaces/local/lib/python3.10/dist-packages/robocon_interfaces-0.0.0-py3.10.egg-info/SOURCES.txt
[3.094s] -- Installing: /home/thien123/ROS2WS/robocon_ws/install/robocon_interfaces/local/lib/python3.10/dist-packages/robocon_interfaces
[3.094s] -- Installing: /home/thien123/ROS2WS/robocon_ws/install/robocon_interfaces/local/lib/python3.10/dist-packages/robocon_interfaces/robocon_interfaces_s__rosidl_typesupport_fastrtps_c.cpython-310-x86_64-linux-gnu.so
[3.094s] -- Installing: /home/thien123/ROS2WS/robocon_ws/install/robocon_interfaces/local/lib/python3.10/dist-packages/robocon_interfaces/robocon_interfaces_s__rosidl_typesupport_c.cpython-310-x86_64-linux-gnu.so
[3.094s] -- Installing: /home/thien123/ROS2WS/robocon_ws/install/robocon_interfaces/local/lib/python3.10/dist-packages/robocon_interfaces/_robocon_interfaces_s.ep.rosidl_typesupport_fastrtps_c.c
[3.094s] -- Installing: /home/thien123/ROS2WS/robocon_ws/install/robocon_interfaces/local/lib/python3.10/dist-packages/robocon_interfaces/librobocon_interfaces__rosidl_generator_py.so
[3.094s] -- Installing: /home/thien123/ROS2WS/robocon_ws/install/robocon_interfaces/local/lib/python3.10/dist-packages/robocon_interfaces/srv
[3.094s] -- Installing: /home/thien123/ROS2WS/robocon_ws/install/robocon_interfaces/local/lib/python3.10/dist-packages/robocon_interfaces/srv/_image_analysis_s.c
[3.094s] -- Installing: /home/thien123/ROS2WS/robocon_ws/install/robocon_interfaces/local/lib/python3.10/dist-packages/robocon_interfaces/srv/_image_analysis.py
[3.094s] -- Installing: /home/thien123/ROS2WS/robocon_ws/install/robocon_interfaces/local/lib/python3.10/dist-packages/robocon_interfaces/srv/__init__.py
[3.095s] -- Installing: /home/thien123/ROS2WS/robocon_ws/install/robocon_interfaces/local/lib/python3.10/dist-packages/robocon_interfaces/robocon_interfaces_s__rosidl_typesupport_introspection_c.cpython-310-x86_64-linux-gnu.so
[3.095s] -- Installing: /home/thien123/ROS2WS/robocon_ws/install/robocon_interfaces/local/lib/python3.10/dist-packages/robocon_interfaces/_robocon_interfaces_s.ep.rosidl_typesupport_c.c
[3.095s] -- Installing: /home/thien123/ROS2WS/robocon_ws/install/robocon_interfaces/local/lib/python3.10/dist-packages/robocon_interfaces/_robocon_interfaces_s.ep.rosidl_typesupport_introspection_c.c
[3.095s] -- Installing: /home/thien123/ROS2WS/robocon_ws/install/robocon_interfaces/local/lib/python3.10/dist-packages/robocon_interfaces/__init__.py
[3.126s] Listing '/home/thien123/ROS2WS/robocon_ws/install/robocon_interfaces/local/lib/python3.10/dist-packages/robocon_interfaces'...
[3.126s] Compiling '/home/thien123/ROS2WS/robocon_ws/install/robocon_interfaces/local/lib/python3.10/dist-packages/robocon_interfaces/__init__.py'...
[3.126s] Listing '/home/thien123/ROS2WS/robocon_ws/install/robocon_interfaces/local/lib/python3.10/dist-packages/robocon_interfaces/srv'...
[3.126s] Compiling '/home/thien123/ROS2WS/robocon_ws/install/robocon_interfaces/local/lib/python3.10/dist-packages/robocon_interfaces/srv/__init__.py'...
[3.126s] Compiling '/home/thien123/ROS2WS/robocon_ws/install/robocon_interfaces/local/lib/python3.10/dist-packages/robocon_interfaces/srv/_image_analysis.py'...
[3.131s] -- Installing: /home/thien123/ROS2WS/robocon_ws/install/robocon_interfaces/local/lib/python3.10/dist-packages/robocon_interfaces/robocon_interfaces_s__rosidl_typesupport_fastrtps_c.cpython-310-x86_64-linux-gnu.so
[3.131s] -- Set runtime path of "/home/thien123/ROS2WS/robocon_ws/install/robocon_interfaces/local/lib/python3.10/dist-packages/robocon_interfaces/robocon_interfaces_s__rosidl_typesupport_fastrtps_c.cpython-310-x86_64-linux-gnu.so" to ""
[3.131s] -- Installing: /home/thien123/ROS2WS/robocon_ws/install/robocon_interfaces/local/lib/python3.10/dist-packages/robocon_interfaces/robocon_interfaces_s__rosidl_typesupport_introspection_c.cpython-310-x86_64-linux-gnu.so
[3.131s] -- Set runtime path of "/home/thien123/ROS2WS/robocon_ws/install/robocon_interfaces/local/lib/python3.10/dist-packages/robocon_interfaces/robocon_interfaces_s__rosidl_typesupport_introspection_c.cpython-310-x86_64-linux-gnu.so" to ""
[3.131s] -- Installing: /home/thien123/ROS2WS/robocon_ws/install/robocon_interfaces/local/lib/python3.10/dist-packages/robocon_interfaces/robocon_interfaces_s__rosidl_typesupport_c.cpython-310-x86_64-linux-gnu.so
[3.131s] -- Set runtime path of "/home/thien123/ROS2WS/robocon_ws/install/robocon_interfaces/local/lib/python3.10/dist-packages/robocon_interfaces/robocon_interfaces_s__rosidl_typesupport_c.cpython-310-x86_64-linux-gnu.so" to ""
[3.131s] -- Installing: /home/thien123/ROS2WS/robocon_ws/install/robocon_interfaces/lib/librobocon_interfaces__rosidl_generator_py.so
[3.132s] -- Set runtime path of "/home/thien123/ROS2WS/robocon_ws/install/robocon_interfaces/lib/librobocon_interfaces__rosidl_generator_py.so" to ""
[3.132s] -- Installing: /home/thien123/ROS2WS/robocon_ws/install/robocon_interfaces/share/robocon_interfaces/srv/ImageAnalysis.idl
[3.132s] -- Installing: /home/thien123/ROS2WS/robocon_ws/install/robocon_interfaces/share/robocon_interfaces/srv/ImageAnalysis.srv
[3.132s] -- Installing: /home/thien123/ROS2WS/robocon_ws/install/robocon_interfaces/share/robocon_interfaces/srv/ImageAnalysis_Request.msg
[3.132s] -- Installing: /home/thien123/ROS2WS/robocon_ws/install/robocon_interfaces/share/robocon_interfaces/srv/ImageAnalysis_Response.msg
[3.132s] -- Installing: /home/thien123/ROS2WS/robocon_ws/install/robocon_interfaces/share/ament_index/resource_index/package_run_dependencies/robocon_interfaces
[3.132s] -- Installing: /home/thien123/ROS2WS/robocon_ws/install/robocon_interfaces/share/ament_index/resource_index/parent_prefix_path/robocon_interfaces
[3.132s] -- Installing: /home/thien123/ROS2WS/robocon_ws/install/robocon_interfaces/share/robocon_interfaces/environment/ament_prefix_path.sh
[3.133s] -- Installing: /home/thien123/ROS2WS/robocon_ws/install/robocon_interfaces/share/robocon_interfaces/environment/ament_prefix_path.dsv
[3.133s] -- Installing: /home/thien123/ROS2WS/robocon_ws/install/robocon_interfaces/share/robocon_interfaces/environment/path.sh
[3.133s] -- Installing: /home/thien123/ROS2WS/robocon_ws/install/robocon_interfaces/share/robocon_interfaces/environment/path.dsv
[3.133s] -- Installing: /home/thien123/ROS2WS/robocon_ws/install/robocon_interfaces/share/robocon_interfaces/local_setup.bash
[3.133s] -- Installing: /home/thien123/ROS2WS/robocon_ws/install/robocon_interfaces/share/robocon_interfaces/local_setup.sh
[3.133s] -- Installing: /home/thien123/ROS2WS/robocon_ws/install/robocon_interfaces/share/robocon_interfaces/local_setup.zsh
[3.133s] -- Installing: /home/thien123/ROS2WS/robocon_ws/install/robocon_interfaces/share/robocon_interfaces/local_setup.dsv
[3.133s] -- Installing: /home/thien123/ROS2WS/robocon_ws/install/robocon_interfaces/share/robocon_interfaces/package.dsv
[3.133s] -- Installing: /home/thien123/ROS2WS/robocon_ws/install/robocon_interfaces/share/ament_index/resource_index/packages/robocon_interfaces
[3.134s] -- Installing: /home/thien123/ROS2WS/robocon_ws/install/robocon_interfaces/share/robocon_interfaces/cmake/export_robocon_interfaces__rosidl_generator_cExport.cmake
[3.134s] -- Installing: /home/thien123/ROS2WS/robocon_ws/install/robocon_interfaces/share/robocon_interfaces/cmake/export_robocon_interfaces__rosidl_generator_cExport-noconfig.cmake
[3.134s] -- Installing: /home/thien123/ROS2WS/robocon_ws/install/robocon_interfaces/share/robocon_interfaces/cmake/export_robocon_interfaces__rosidl_typesupport_fastrtps_cExport.cmake
[3.134s] -- Installing: /home/thien123/ROS2WS/robocon_ws/install/robocon_interfaces/share/robocon_interfaces/cmake/export_robocon_interfaces__rosidl_typesupport_fastrtps_cExport-noconfig.cmake
[3.134s] -- Installing: /home/thien123/ROS2WS/robocon_ws/install/robocon_interfaces/share/robocon_interfaces/cmake/robocon_interfaces__rosidl_typesupport_introspection_cExport.cmake
[3.134s] -- Installing: /home/thien123/ROS2WS/robocon_ws/install/robocon_interfaces/share/robocon_interfaces/cmake/robocon_interfaces__rosidl_typesupport_introspection_cExport-noconfig.cmake
[3.134s] -- Installing: /home/thien123/ROS2WS/robocon_ws/install/robocon_interfaces/share/robocon_interfaces/cmake/robocon_interfaces__rosidl_typesupport_cExport.cmake
[3.134s] -- Installing: /home/thien123/ROS2WS/robocon_ws/install/robocon_interfaces/share/robocon_interfaces/cmake/robocon_interfaces__rosidl_typesupport_cExport-noconfig.cmake
[3.134s] -- Installing: /home/thien123/ROS2WS/robocon_ws/install/robocon_interfaces/share/robocon_interfaces/cmake/export_robocon_interfaces__rosidl_generator_cppExport.cmake
[3.135s] -- Installing: /home/thien123/ROS2WS/robocon_ws/install/robocon_interfaces/share/robocon_interfaces/cmake/export_robocon_interfaces__rosidl_typesupport_fastrtps_cppExport.cmake
[3.135s] -- Installing: /home/thien123/ROS2WS/robocon_ws/install/robocon_interfaces/share/robocon_interfaces/cmake/export_robocon_interfaces__rosidl_typesupport_fastrtps_cppExport-noconfig.cmake
[3.135s] -- Installing: /home/thien123/ROS2WS/robocon_ws/install/robocon_interfaces/share/robocon_interfaces/cmake/robocon_interfaces__rosidl_typesupport_introspection_cppExport.cmake
[3.135s] -- Installing: /home/thien123/ROS2WS/robocon_ws/install/robocon_interfaces/share/robocon_interfaces/cmake/robocon_interfaces__rosidl_typesupport_introspection_cppExport-noconfig.cmake
[3.135s] -- Installing: /home/thien123/ROS2WS/robocon_ws/install/robocon_interfaces/share/robocon_interfaces/cmake/robocon_interfaces__rosidl_typesupport_cppExport.cmake
[3.135s] -- Installing: /home/thien123/ROS2WS/robocon_ws/install/robocon_interfaces/share/robocon_interfaces/cmake/robocon_interfaces__rosidl_typesupport_cppExport-noconfig.cmake
[3.135s] -- Installing: /home/thien123/ROS2WS/robocon_ws/install/robocon_interfaces/share/robocon_interfaces/cmake/export_robocon_interfaces__rosidl_generator_pyExport.cmake
[3.135s] -- Installing: /home/thien123/ROS2WS/robocon_ws/install/robocon_interfaces/share/robocon_interfaces/cmake/export_robocon_interfaces__rosidl_generator_pyExport-noconfig.cmake
[3.136s] -- Installing: /home/thien123/ROS2WS/robocon_ws/install/robocon_interfaces/share/robocon_interfaces/cmake/rosidl_cmake-extras.cmake
[3.136s] -- Installing: /home/thien123/ROS2WS/robocon_ws/install/robocon_interfaces/share/robocon_interfaces/cmake/ament_cmake_export_include_directories-extras.cmake
[3.136s] -- Installing: /home/thien123/ROS2WS/robocon_ws/install/robocon_interfaces/share/robocon_interfaces/cmake/ament_cmake_export_libraries-extras.cmake
[3.136s] -- Installing: /home/thien123/ROS2WS/robocon_ws/install/robocon_interfaces/share/robocon_interfaces/cmake/ament_cmake_export_targets-extras.cmake
[3.136s] -- Installing: /home/thien123/ROS2WS/robocon_ws/install/robocon_interfaces/share/robocon_interfaces/cmake/rosidl_cmake_export_typesupport_targets-extras.cmake
[3.136s] -- Installing: /home/thien123/ROS2WS/robocon_ws/install/robocon_interfaces/share/robocon_interfaces/cmake/ament_cmake_export_dependencies-extras.cmake
[3.136s] -- Installing: /home/thien123/ROS2WS/robocon_ws/install/robocon_interfaces/share/robocon_interfaces/cmake/rosidl_cmake_export_typesupport_libraries-extras.cmake
[3.136s] -- Installing: /home/thien123/ROS2WS/robocon_ws/install/robocon_interfaces/share/robocon_interfaces/cmake/robocon_interfacesConfig.cmake
[3.136s] -- Installing: /home/thien123/ROS2WS/robocon_ws/install/robocon_interfaces/share/robocon_interfaces/cmake/robocon_interfacesConfig-version.cmake
[3.136s] -- Installing: /home/thien123/ROS2WS/robocon_ws/install/robocon_interfaces/share/robocon_interfaces/package.xml
[3.138s] Invoked command in '/home/thien123/ROS2WS/robocon_ws/build/robocon_interfaces' returned '0': CMAKE_PREFIX_PATH=/home/thien123/robocon_communicate/install/robocon_communication:/opt/ros/humble /usr/bin/cmake --install /home/thien123/ROS2WS/robocon_ws/build/robocon_interfaces
