[0.104s] DEBUG:colcon:Command line arguments: ['/usr/bin/colcon', 'build']
[0.104s] DEBUG:colcon:Parsed command line arguments: Namespace(log_base=None, log_level=None, verb_name='build', build_base='build', install_base='install', merge_install=False, symlink_install=False, test_result_base=None, continue_on_error=False, executor='parallel', parallel_workers=16, event_handlers=None, ignore_user_meta=False, metas=['./colcon.meta'], base_paths=['.'], packages_ignore=None, packages_ignore_regex=None, paths=None, packages_up_to=None, packages_up_to_regex=None, packages_above=None, packages_above_and_dependencies=None, packages_above_depth=None, packages_select_by_dep=None, packages_skip_by_dep=None, packages_skip_up_to=None, packages_select_build_failed=False, packages_skip_build_finished=False, packages_select_test_failures=False, packages_skip_test_passed=False, packages_select=None, packages_skip=None, packages_select_regex=None, packages_skip_regex=None, packages_start=None, packages_end=None, allow_overriding=[], cmake_args=None, cmake_target=None, cmake_target_skip_unavailable=False, cmake_clean_cache=False, cmake_clean_first=False, cmake_force_configure=False, ament_cmake_args=None, catkin_cmake_args=None, catkin_skip_building_tests=False, verb_parser=<colcon_defaults.argument_parser.defaults.DefaultArgumentsDecorator object at 0x7a3767a617b0>, verb_extension=<colcon_core.verb.build.BuildVerb object at 0x7a3767be2530>, main=<bound method BuildVerb.main of <colcon_core.verb.build.BuildVerb object at 0x7a3767be2530>>)
[0.308s] Level 1:colcon.colcon_core.package_discovery:discover_packages(colcon_meta) check parameters
[0.308s] Level 1:colcon.colcon_core.package_discovery:discover_packages(recursive) check parameters
[0.308s] Level 1:colcon.colcon_core.package_discovery:discover_packages(ignore) check parameters
[0.308s] Level 1:colcon.colcon_core.package_discovery:discover_packages(path) check parameters
[0.308s] Level 1:colcon.colcon_core.package_discovery:discover_packages(colcon_meta) discover
[0.308s] Level 1:colcon.colcon_core.package_discovery:discover_packages(recursive) discover
[0.308s] INFO:colcon.colcon_core.package_discovery:Crawling recursively for packages in '/home/thien123/ROS2WS/robocon_ws'
[0.308s] Level 1:colcon.colcon_core.package_identification:_identify(.) by extensions ['ignore', 'ignore_ament_install']
[0.308s] Level 1:colcon.colcon_core.package_identification:_identify(.) by extension 'ignore'
[0.308s] Level 1:colcon.colcon_core.package_identification:_identify(.) by extension 'ignore_ament_install'
[0.308s] Level 1:colcon.colcon_core.package_identification:_identify(.) by extensions ['colcon_pkg']
[0.308s] Level 1:colcon.colcon_core.package_identification:_identify(.) by extension 'colcon_pkg'
[0.309s] Level 1:colcon.colcon_core.package_identification:_identify(.) by extensions ['colcon_meta']
[0.309s] Level 1:colcon.colcon_core.package_identification:_identify(.) by extension 'colcon_meta'
[0.309s] Level 1:colcon.colcon_core.package_identification:_identify(.) by extensions ['ros']
[0.309s] Level 1:colcon.colcon_core.package_identification:_identify(.) by extension 'ros'
[0.319s] Level 1:colcon.colcon_core.package_identification:_identify(.) by extensions ['cmake', 'python']
[0.319s] Level 1:colcon.colcon_core.package_identification:_identify(.) by extension 'cmake'
[0.319s] Level 1:colcon.colcon_core.package_identification:_identify(.) by extension 'python'
[0.319s] Level 1:colcon.colcon_core.package_identification:_identify(.) by extensions ['python_setup_py']
[0.319s] Level 1:colcon.colcon_core.package_identification:_identify(.) by extension 'python_setup_py'
[0.319s] Level 1:colcon.colcon_core.package_identification:_identify(build) by extensions ['ignore', 'ignore_ament_install']
[0.319s] Level 1:colcon.colcon_core.package_identification:_identify(build) by extension 'ignore'
[0.319s] Level 1:colcon.colcon_core.package_identification:_identify(build) ignored
[0.319s] Level 1:colcon.colcon_core.package_identification:_identify(install) by extensions ['ignore', 'ignore_ament_install']
[0.319s] Level 1:colcon.colcon_core.package_identification:_identify(install) by extension 'ignore'
[0.319s] Level 1:colcon.colcon_core.package_identification:_identify(install) ignored
[0.320s] Level 1:colcon.colcon_core.package_identification:_identify(log) by extensions ['ignore', 'ignore_ament_install']
[0.320s] Level 1:colcon.colcon_core.package_identification:_identify(log) by extension 'ignore'
[0.320s] Level 1:colcon.colcon_core.package_identification:_identify(log) ignored
[0.320s] Level 1:colcon.colcon_core.package_identification:_identify(src) by extensions ['ignore', 'ignore_ament_install']
[0.320s] Level 1:colcon.colcon_core.package_identification:_identify(src) by extension 'ignore'
[0.320s] Level 1:colcon.colcon_core.package_identification:_identify(src) by extension 'ignore_ament_install'
[0.320s] Level 1:colcon.colcon_core.package_identification:_identify(src) by extensions ['colcon_pkg']
[0.320s] Level 1:colcon.colcon_core.package_identification:_identify(src) by extension 'colcon_pkg'
[0.320s] Level 1:colcon.colcon_core.package_identification:_identify(src) by extensions ['colcon_meta']
[0.320s] Level 1:colcon.colcon_core.package_identification:_identify(src) by extension 'colcon_meta'
[0.320s] Level 1:colcon.colcon_core.package_identification:_identify(src) by extensions ['ros']
[0.320s] Level 1:colcon.colcon_core.package_identification:_identify(src) by extension 'ros'
[0.320s] Level 1:colcon.colcon_core.package_identification:_identify(src) by extensions ['cmake', 'python']
[0.320s] Level 1:colcon.colcon_core.package_identification:_identify(src) by extension 'cmake'
[0.320s] Level 1:colcon.colcon_core.package_identification:_identify(src) by extension 'python'
[0.320s] Level 1:colcon.colcon_core.package_identification:_identify(src) by extensions ['python_setup_py']
[0.320s] Level 1:colcon.colcon_core.package_identification:_identify(src) by extension 'python_setup_py'
[0.320s] Level 1:colcon.colcon_core.package_identification:_identify(src/robocon_camera) by extensions ['ignore', 'ignore_ament_install']
[0.321s] Level 1:colcon.colcon_core.package_identification:_identify(src/robocon_camera) by extension 'ignore'
[0.321s] Level 1:colcon.colcon_core.package_identification:_identify(src/robocon_camera) by extension 'ignore_ament_install'
[0.321s] Level 1:colcon.colcon_core.package_identification:_identify(src/robocon_camera) by extensions ['colcon_pkg']
[0.321s] Level 1:colcon.colcon_core.package_identification:_identify(src/robocon_camera) by extension 'colcon_pkg'
[0.321s] Level 1:colcon.colcon_core.package_identification:_identify(src/robocon_camera) by extensions ['colcon_meta']
[0.321s] Level 1:colcon.colcon_core.package_identification:_identify(src/robocon_camera) by extension 'colcon_meta'
[0.321s] Level 1:colcon.colcon_core.package_identification:_identify(src/robocon_camera) by extensions ['ros']
[0.321s] Level 1:colcon.colcon_core.package_identification:_identify(src/robocon_camera) by extension 'ros'
[0.324s] DEBUG:colcon.colcon_core.package_identification:Package 'src/robocon_camera' with type 'ros.ament_python' and name 'robocon_camera'
[0.324s] Level 1:colcon.colcon_core.package_identification:_identify(src/robocon_interfaces) by extensions ['ignore', 'ignore_ament_install']
[0.324s] Level 1:colcon.colcon_core.package_identification:_identify(src/robocon_interfaces) by extension 'ignore'
[0.324s] Level 1:colcon.colcon_core.package_identification:_identify(src/robocon_interfaces) by extension 'ignore_ament_install'
[0.324s] Level 1:colcon.colcon_core.package_identification:_identify(src/robocon_interfaces) by extensions ['colcon_pkg']
[0.324s] Level 1:colcon.colcon_core.package_identification:_identify(src/robocon_interfaces) by extension 'colcon_pkg'
[0.324s] Level 1:colcon.colcon_core.package_identification:_identify(src/robocon_interfaces) by extensions ['colcon_meta']
[0.324s] Level 1:colcon.colcon_core.package_identification:_identify(src/robocon_interfaces) by extension 'colcon_meta'
[0.324s] Level 1:colcon.colcon_core.package_identification:_identify(src/robocon_interfaces) by extensions ['ros']
[0.324s] Level 1:colcon.colcon_core.package_identification:_identify(src/robocon_interfaces) by extension 'ros'
[0.325s] DEBUG:colcon.colcon_core.package_identification:Package 'src/robocon_interfaces' with type 'ros.ament_cmake' and name 'robocon_interfaces'
[0.325s] Level 1:colcon.colcon_core.package_discovery:discover_packages(recursive) using defaults
[0.325s] Level 1:colcon.colcon_core.package_discovery:discover_packages(ignore) discover
[0.325s] Level 1:colcon.colcon_core.package_discovery:discover_packages(ignore) using defaults
[0.325s] Level 1:colcon.colcon_core.package_discovery:discover_packages(path) discover
[0.325s] Level 1:colcon.colcon_core.package_discovery:discover_packages(path) using defaults
[0.350s] Level 1:colcon.colcon_core.package_discovery:discover_packages(prefix_path) check parameters
[0.350s] Level 1:colcon.colcon_core.package_discovery:discover_packages(prefix_path) discover
[0.351s] DEBUG:colcon.colcon_installed_package_information.package_discovery:Found 1 installed packages in /home/thien123/robocon_communicate/install
[0.353s] DEBUG:colcon.colcon_installed_package_information.package_discovery:Found 364 installed packages in /opt/ros/humble
[0.354s] Level 1:colcon.colcon_core.package_discovery:discover_packages(prefix_path) using defaults
[0.406s] Level 5:colcon.colcon_core.verb:set package 'robocon_interfaces' build argument 'cmake_args' from command line to 'None'
[0.406s] Level 5:colcon.colcon_core.verb:set package 'robocon_interfaces' build argument 'cmake_target' from command line to 'None'
[0.406s] Level 5:colcon.colcon_core.verb:set package 'robocon_interfaces' build argument 'cmake_target_skip_unavailable' from command line to 'False'
[0.406s] Level 5:colcon.colcon_core.verb:set package 'robocon_interfaces' build argument 'cmake_clean_cache' from command line to 'False'
[0.406s] Level 5:colcon.colcon_core.verb:set package 'robocon_interfaces' build argument 'cmake_clean_first' from command line to 'False'
[0.406s] Level 5:colcon.colcon_core.verb:set package 'robocon_interfaces' build argument 'cmake_force_configure' from command line to 'False'
[0.406s] Level 5:colcon.colcon_core.verb:set package 'robocon_interfaces' build argument 'ament_cmake_args' from command line to 'None'
[0.407s] Level 5:colcon.colcon_core.verb:set package 'robocon_interfaces' build argument 'catkin_cmake_args' from command line to 'None'
[0.407s] Level 5:colcon.colcon_core.verb:set package 'robocon_interfaces' build argument 'catkin_skip_building_tests' from command line to 'False'
[0.407s] DEBUG:colcon.colcon_core.verb:Building package 'robocon_interfaces' with the following arguments: {'ament_cmake_args': None, 'build_base': '/home/thien123/ROS2WS/robocon_ws/build/robocon_interfaces', 'catkin_cmake_args': None, 'catkin_skip_building_tests': False, 'cmake_args': None, 'cmake_clean_cache': False, 'cmake_clean_first': False, 'cmake_force_configure': False, 'cmake_target': None, 'cmake_target_skip_unavailable': False, 'install_base': '/home/thien123/ROS2WS/robocon_ws/install/robocon_interfaces', 'merge_install': False, 'path': '/home/thien123/ROS2WS/robocon_ws/src/robocon_interfaces', 'symlink_install': False, 'test_result_base': None}
[0.407s] Level 5:colcon.colcon_core.verb:set package 'robocon_camera' build argument 'cmake_args' from command line to 'None'
[0.407s] Level 5:colcon.colcon_core.verb:set package 'robocon_camera' build argument 'cmake_target' from command line to 'None'
[0.407s] Level 5:colcon.colcon_core.verb:set package 'robocon_camera' build argument 'cmake_target_skip_unavailable' from command line to 'False'
[0.407s] Level 5:colcon.colcon_core.verb:set package 'robocon_camera' build argument 'cmake_clean_cache' from command line to 'False'
[0.407s] Level 5:colcon.colcon_core.verb:set package 'robocon_camera' build argument 'cmake_clean_first' from command line to 'False'
[0.407s] Level 5:colcon.colcon_core.verb:set package 'robocon_camera' build argument 'cmake_force_configure' from command line to 'False'
[0.407s] Level 5:colcon.colcon_core.verb:set package 'robocon_camera' build argument 'ament_cmake_args' from command line to 'None'
[0.407s] Level 5:colcon.colcon_core.verb:set package 'robocon_camera' build argument 'catkin_cmake_args' from command line to 'None'
[0.407s] Level 5:colcon.colcon_core.verb:set package 'robocon_camera' build argument 'catkin_skip_building_tests' from command line to 'False'
[0.407s] DEBUG:colcon.colcon_core.verb:Building package 'robocon_camera' with the following arguments: {'ament_cmake_args': None, 'build_base': '/home/thien123/ROS2WS/robocon_ws/build/robocon_camera', 'catkin_cmake_args': None, 'catkin_skip_building_tests': False, 'cmake_args': None, 'cmake_clean_cache': False, 'cmake_clean_first': False, 'cmake_force_configure': False, 'cmake_target': None, 'cmake_target_skip_unavailable': False, 'install_base': '/home/thien123/ROS2WS/robocon_ws/install/robocon_camera', 'merge_install': False, 'path': '/home/thien123/ROS2WS/robocon_ws/src/robocon_camera', 'symlink_install': False, 'test_result_base': None}
[0.407s] INFO:colcon.colcon_core.executor:Executing jobs using 'parallel' executor
[0.408s] DEBUG:colcon.colcon_parallel_executor.executor.parallel:run_until_complete
[0.408s] INFO:colcon.colcon_ros.task.ament_cmake.build:Building ROS package in '/home/thien123/ROS2WS/robocon_ws/src/robocon_interfaces' with build type 'ament_cmake'
[0.409s] INFO:colcon.colcon_cmake.task.cmake.build:Building CMake package in '/home/thien123/ROS2WS/robocon_ws/src/robocon_interfaces'
[0.410s] INFO:colcon.colcon_core.plugin_system:Skipping extension 'colcon_core.shell.bat': Not used on non-Windows systems
[0.411s] INFO:colcon.colcon_core.shell:Skip shell extension 'powershell' for command environment: Not usable outside of PowerShell
[0.411s] DEBUG:colcon.colcon_core.shell:Skip shell extension 'dsv' for command environment
[0.417s] DEBUG:colcon.colcon_core.event_handler.log_command:Invoking command in '/home/thien123/ROS2WS/robocon_ws/build/robocon_interfaces': CMAKE_PREFIX_PATH=/home/thien123/robocon_communicate/install/robocon_communication:/opt/ros/humble /usr/bin/cmake /home/thien123/ROS2WS/robocon_ws/src/robocon_interfaces -DCMAKE_INSTALL_PREFIX=/home/thien123/ROS2WS/robocon_ws/install/robocon_interfaces
[1.749s] DEBUG:colcon.colcon_core.event_handler.log_command:Invoked command in '/home/thien123/ROS2WS/robocon_ws/build/robocon_interfaces' returned '0': CMAKE_PREFIX_PATH=/home/thien123/robocon_communicate/install/robocon_communication:/opt/ros/humble /usr/bin/cmake /home/thien123/ROS2WS/robocon_ws/src/robocon_interfaces -DCMAKE_INSTALL_PREFIX=/home/thien123/ROS2WS/robocon_ws/install/robocon_interfaces
[1.751s] DEBUG:colcon.colcon_core.event_handler.log_command:Invoking command in '/home/thien123/ROS2WS/robocon_ws/build/robocon_interfaces': CMAKE_PREFIX_PATH=/home/thien123/robocon_communicate/install/robocon_communication:/opt/ros/humble /usr/bin/cmake --build /home/thien123/ROS2WS/robocon_ws/build/robocon_interfaces -- -j16 -l16
[3.484s] DEBUG:colcon.colcon_core.event_handler.log_command:Invoked command in '/home/thien123/ROS2WS/robocon_ws/build/robocon_interfaces' returned '0': CMAKE_PREFIX_PATH=/home/thien123/robocon_communicate/install/robocon_communication:/opt/ros/humble /usr/bin/cmake --build /home/thien123/ROS2WS/robocon_ws/build/robocon_interfaces -- -j16 -l16
[3.491s] DEBUG:colcon.colcon_core.event_handler.log_command:Invoking command in '/home/thien123/ROS2WS/robocon_ws/build/robocon_interfaces': CMAKE_PREFIX_PATH=/home/thien123/robocon_communicate/install/robocon_communication:/opt/ros/humble /usr/bin/cmake --install /home/thien123/ROS2WS/robocon_ws/build/robocon_interfaces
[3.547s] Level 1:colcon.colcon_core.environment:create_environment_scripts_only(robocon_interfaces)
[3.547s] DEBUG:colcon.colcon_core.event_handler.log_command:Invoked command in '/home/thien123/ROS2WS/robocon_ws/build/robocon_interfaces' returned '0': CMAKE_PREFIX_PATH=/home/thien123/robocon_communicate/install/robocon_communication:/opt/ros/humble /usr/bin/cmake --install /home/thien123/ROS2WS/robocon_ws/build/robocon_interfaces
[3.549s] Level 1:colcon.colcon_core.environment:checking '/home/thien123/ROS2WS/robocon_ws/install/robocon_interfaces' for CMake module files
[3.550s] Level 1:colcon.colcon_core.environment:checking '/home/thien123/ROS2WS/robocon_ws/install/robocon_interfaces' for CMake config files
[3.550s] Level 1:colcon.colcon_core.shell:create_environment_hook('robocon_interfaces', 'cmake_prefix_path')
[3.550s] INFO:colcon.colcon_core.shell:Creating environment hook '/home/thien123/ROS2WS/robocon_ws/install/robocon_interfaces/share/robocon_interfaces/hook/cmake_prefix_path.ps1'
[3.551s] INFO:colcon.colcon_core.shell:Creating environment descriptor '/home/thien123/ROS2WS/robocon_ws/install/robocon_interfaces/share/robocon_interfaces/hook/cmake_prefix_path.dsv'
[3.551s] INFO:colcon.colcon_core.shell:Creating environment hook '/home/thien123/ROS2WS/robocon_ws/install/robocon_interfaces/share/robocon_interfaces/hook/cmake_prefix_path.sh'
[3.552s] Level 1:colcon.colcon_core.environment:checking '/home/thien123/ROS2WS/robocon_ws/install/robocon_interfaces/lib'
[3.552s] Level 1:colcon.colcon_core.shell:create_environment_hook('robocon_interfaces', 'ld_library_path_lib')
[3.553s] INFO:colcon.colcon_core.shell:Creating environment hook '/home/thien123/ROS2WS/robocon_ws/install/robocon_interfaces/share/robocon_interfaces/hook/ld_library_path_lib.ps1'
[3.553s] INFO:colcon.colcon_core.shell:Creating environment descriptor '/home/thien123/ROS2WS/robocon_ws/install/robocon_interfaces/share/robocon_interfaces/hook/ld_library_path_lib.dsv'
[3.553s] INFO:colcon.colcon_core.shell:Creating environment hook '/home/thien123/ROS2WS/robocon_ws/install/robocon_interfaces/share/robocon_interfaces/hook/ld_library_path_lib.sh'
[3.554s] Level 1:colcon.colcon_core.environment:checking '/home/thien123/ROS2WS/robocon_ws/install/robocon_interfaces/bin'
[3.554s] Level 1:colcon.colcon_core.environment:checking '/home/thien123/ROS2WS/robocon_ws/install/robocon_interfaces/lib/pkgconfig/robocon_interfaces.pc'
[3.554s] Level 1:colcon.colcon_core.environment:checking '/home/thien123/ROS2WS/robocon_ws/install/robocon_interfaces/lib/python3.10/site-packages'
[3.554s] Level 1:colcon.colcon_core.environment:checking '/home/thien123/ROS2WS/robocon_ws/install/robocon_interfaces/bin'
[3.554s] INFO:colcon.colcon_core.shell:Creating package script '/home/thien123/ROS2WS/robocon_ws/install/robocon_interfaces/share/robocon_interfaces/package.ps1'
[3.555s] INFO:colcon.colcon_core.shell:Creating package descriptor '/home/thien123/ROS2WS/robocon_ws/install/robocon_interfaces/share/robocon_interfaces/package.dsv'
[3.556s] INFO:colcon.colcon_core.shell:Creating package script '/home/thien123/ROS2WS/robocon_ws/install/robocon_interfaces/share/robocon_interfaces/package.sh'
[3.556s] INFO:colcon.colcon_core.shell:Creating package script '/home/thien123/ROS2WS/robocon_ws/install/robocon_interfaces/share/robocon_interfaces/package.bash'
[3.557s] INFO:colcon.colcon_core.shell:Creating package script '/home/thien123/ROS2WS/robocon_ws/install/robocon_interfaces/share/robocon_interfaces/package.zsh'
[3.557s] Level 1:colcon.colcon_core.environment:create_file_with_runtime_dependencies(/home/thien123/ROS2WS/robocon_ws/install/robocon_interfaces/share/colcon-core/packages/robocon_interfaces)
[3.558s] Level 1:colcon.colcon_core.environment:create_environment_scripts_only(robocon_interfaces)
[3.558s] Level 1:colcon.colcon_core.environment:checking '/home/thien123/ROS2WS/robocon_ws/install/robocon_interfaces' for CMake module files
[3.559s] Level 1:colcon.colcon_core.environment:checking '/home/thien123/ROS2WS/robocon_ws/install/robocon_interfaces' for CMake config files
[3.559s] Level 1:colcon.colcon_core.shell:create_environment_hook('robocon_interfaces', 'cmake_prefix_path')
[3.559s] INFO:colcon.colcon_core.shell:Creating environment hook '/home/thien123/ROS2WS/robocon_ws/install/robocon_interfaces/share/robocon_interfaces/hook/cmake_prefix_path.ps1'
[3.560s] INFO:colcon.colcon_core.shell:Creating environment descriptor '/home/thien123/ROS2WS/robocon_ws/install/robocon_interfaces/share/robocon_interfaces/hook/cmake_prefix_path.dsv'
[3.560s] INFO:colcon.colcon_core.shell:Creating environment hook '/home/thien123/ROS2WS/robocon_ws/install/robocon_interfaces/share/robocon_interfaces/hook/cmake_prefix_path.sh'
[3.561s] Level 1:colcon.colcon_core.environment:checking '/home/thien123/ROS2WS/robocon_ws/install/robocon_interfaces/lib'
[3.561s] Level 1:colcon.colcon_core.shell:create_environment_hook('robocon_interfaces', 'ld_library_path_lib')
[3.561s] INFO:colcon.colcon_core.shell:Creating environment hook '/home/thien123/ROS2WS/robocon_ws/install/robocon_interfaces/share/robocon_interfaces/hook/ld_library_path_lib.ps1'
[3.561s] INFO:colcon.colcon_core.shell:Creating environment descriptor '/home/thien123/ROS2WS/robocon_ws/install/robocon_interfaces/share/robocon_interfaces/hook/ld_library_path_lib.dsv'
[3.561s] INFO:colcon.colcon_core.shell:Creating environment hook '/home/thien123/ROS2WS/robocon_ws/install/robocon_interfaces/share/robocon_interfaces/hook/ld_library_path_lib.sh'
[3.562s] Level 1:colcon.colcon_core.environment:checking '/home/thien123/ROS2WS/robocon_ws/install/robocon_interfaces/bin'
[3.562s] Level 1:colcon.colcon_core.environment:checking '/home/thien123/ROS2WS/robocon_ws/install/robocon_interfaces/lib/pkgconfig/robocon_interfaces.pc'
[3.562s] Level 1:colcon.colcon_core.environment:checking '/home/thien123/ROS2WS/robocon_ws/install/robocon_interfaces/lib/python3.10/site-packages'
[3.562s] Level 1:colcon.colcon_core.environment:checking '/home/thien123/ROS2WS/robocon_ws/install/robocon_interfaces/bin'
[3.563s] INFO:colcon.colcon_core.shell:Creating package script '/home/thien123/ROS2WS/robocon_ws/install/robocon_interfaces/share/robocon_interfaces/package.ps1'
[3.563s] INFO:colcon.colcon_core.shell:Creating package descriptor '/home/thien123/ROS2WS/robocon_ws/install/robocon_interfaces/share/robocon_interfaces/package.dsv'
[3.564s] INFO:colcon.colcon_core.shell:Creating package script '/home/thien123/ROS2WS/robocon_ws/install/robocon_interfaces/share/robocon_interfaces/package.sh'
[3.564s] INFO:colcon.colcon_core.shell:Creating package script '/home/thien123/ROS2WS/robocon_ws/install/robocon_interfaces/share/robocon_interfaces/package.bash'
[3.564s] INFO:colcon.colcon_core.shell:Creating package script '/home/thien123/ROS2WS/robocon_ws/install/robocon_interfaces/share/robocon_interfaces/package.zsh'
[3.565s] Level 1:colcon.colcon_core.environment:create_file_with_runtime_dependencies(/home/thien123/ROS2WS/robocon_ws/install/robocon_interfaces/share/colcon-core/packages/robocon_interfaces)
[3.565s] INFO:colcon.colcon_ros.task.ament_python.build:Building ROS package in '/home/thien123/ROS2WS/robocon_ws/src/robocon_camera' with build type 'ament_python'
[3.565s] Level 1:colcon.colcon_core.shell:create_environment_hook('robocon_camera', 'ament_prefix_path')
[3.565s] INFO:colcon.colcon_core.shell:Creating environment hook '/home/thien123/ROS2WS/robocon_ws/install/robocon_camera/share/robocon_camera/hook/ament_prefix_path.ps1'
[3.566s] INFO:colcon.colcon_core.shell:Creating environment descriptor '/home/thien123/ROS2WS/robocon_ws/install/robocon_camera/share/robocon_camera/hook/ament_prefix_path.dsv'
[3.566s] INFO:colcon.colcon_core.shell:Creating environment hook '/home/thien123/ROS2WS/robocon_ws/install/robocon_camera/share/robocon_camera/hook/ament_prefix_path.sh'
[3.567s] INFO:colcon.colcon_core.shell:Skip shell extension 'powershell' for command environment: Not usable outside of PowerShell
[3.567s] DEBUG:colcon.colcon_core.shell:Skip shell extension 'dsv' for command environment
[3.860s] INFO:colcon.colcon_core.task.python.build:Building Python package in '/home/thien123/ROS2WS/robocon_ws/src/robocon_camera'
[3.860s] INFO:colcon.colcon_core.shell:Skip shell extension 'powershell' for command environment: Not usable outside of PowerShell
[3.860s] DEBUG:colcon.colcon_core.shell:Skip shell extension 'dsv' for command environment
[4.301s] DEBUG:colcon.colcon_core.event_handler.log_command:Invoking command in '/home/thien123/ROS2WS/robocon_ws/src/robocon_camera': AMENT_PREFIX_PATH=/home/thien123/ROS2WS/robocon_ws/install/robocon_interfaces:${AMENT_PREFIX_PATH} CMAKE_PREFIX_PATH=/home/thien123/ROS2WS/robocon_ws/install/robocon_interfaces LD_LIBRARY_PATH=/home/thien123/ROS2WS/robocon_ws/install/robocon_interfaces/lib:${LD_LIBRARY_PATH} PYTHONPATH=/home/thien123/ROS2WS/robocon_ws/build/robocon_camera/prefix_override:/usr/lib/python3/dist-packages/colcon_core/task/python/colcon_distutils_commands:/home/thien123/ROS2WS/robocon_ws/install/robocon_camera/lib/python3.10/site-packages:/home/thien123/ROS2WS/robocon_ws/install/robocon_interfaces/local/lib/python3.10/dist-packages:${PYTHONPATH} /usr/bin/python3 -W ignore:setup.py install is deprecated -W ignore:easy_install command is deprecated setup.py egg_info --egg-base ../../build/robocon_camera build --build-base /home/thien123/ROS2WS/robocon_ws/build/robocon_camera/build install --record /home/thien123/ROS2WS/robocon_ws/build/robocon_camera/install.log --single-version-externally-managed install_data
[4.646s] Level 1:colcon.colcon_core.environment:checking '/home/thien123/ROS2WS/robocon_ws/install/robocon_camera' for CMake module files
[4.646s] DEBUG:colcon.colcon_core.event_handler.log_command:Invoked command in '/home/thien123/ROS2WS/robocon_ws/src/robocon_camera' returned '0': AMENT_PREFIX_PATH=/home/thien123/ROS2WS/robocon_ws/install/robocon_interfaces:${AMENT_PREFIX_PATH} CMAKE_PREFIX_PATH=/home/thien123/ROS2WS/robocon_ws/install/robocon_interfaces LD_LIBRARY_PATH=/home/thien123/ROS2WS/robocon_ws/install/robocon_interfaces/lib:${LD_LIBRARY_PATH} PYTHONPATH=/home/thien123/ROS2WS/robocon_ws/build/robocon_camera/prefix_override:/usr/lib/python3/dist-packages/colcon_core/task/python/colcon_distutils_commands:/home/thien123/ROS2WS/robocon_ws/install/robocon_camera/lib/python3.10/site-packages:/home/thien123/ROS2WS/robocon_ws/install/robocon_interfaces/local/lib/python3.10/dist-packages:${PYTHONPATH} /usr/bin/python3 -W ignore:setup.py install is deprecated -W ignore:easy_install command is deprecated setup.py egg_info --egg-base ../../build/robocon_camera build --build-base /home/thien123/ROS2WS/robocon_ws/build/robocon_camera/build install --record /home/thien123/ROS2WS/robocon_ws/build/robocon_camera/install.log --single-version-externally-managed install_data
[4.647s] Level 1:colcon.colcon_core.environment:checking '/home/thien123/ROS2WS/robocon_ws/install/robocon_camera' for CMake config files
[4.647s] Level 1:colcon.colcon_core.environment:checking '/home/thien123/ROS2WS/robocon_ws/install/robocon_camera/lib'
[4.647s] Level 1:colcon.colcon_core.environment:checking '/home/thien123/ROS2WS/robocon_ws/install/robocon_camera/bin'
[4.647s] Level 1:colcon.colcon_core.environment:checking '/home/thien123/ROS2WS/robocon_ws/install/robocon_camera/lib/pkgconfig/robocon_camera.pc'
[4.647s] Level 1:colcon.colcon_core.environment:checking '/home/thien123/ROS2WS/robocon_ws/install/robocon_camera/lib/python3.10/site-packages'
[4.648s] Level 1:colcon.colcon_core.shell:create_environment_hook('robocon_camera', 'pythonpath')
[4.648s] INFO:colcon.colcon_core.shell:Creating environment hook '/home/thien123/ROS2WS/robocon_ws/install/robocon_camera/share/robocon_camera/hook/pythonpath.ps1'
[4.648s] INFO:colcon.colcon_core.shell:Creating environment descriptor '/home/thien123/ROS2WS/robocon_ws/install/robocon_camera/share/robocon_camera/hook/pythonpath.dsv'
[4.648s] INFO:colcon.colcon_core.shell:Creating environment hook '/home/thien123/ROS2WS/robocon_ws/install/robocon_camera/share/robocon_camera/hook/pythonpath.sh'
[4.649s] Level 1:colcon.colcon_core.environment:checking '/home/thien123/ROS2WS/robocon_ws/install/robocon_camera/bin'
[4.649s] Level 1:colcon.colcon_core.environment:create_environment_scripts_only(robocon_camera)
[4.649s] INFO:colcon.colcon_core.shell:Creating package script '/home/thien123/ROS2WS/robocon_ws/install/robocon_camera/share/robocon_camera/package.ps1'
[4.650s] INFO:colcon.colcon_core.shell:Creating package descriptor '/home/thien123/ROS2WS/robocon_ws/install/robocon_camera/share/robocon_camera/package.dsv'
[4.650s] INFO:colcon.colcon_core.shell:Creating package script '/home/thien123/ROS2WS/robocon_ws/install/robocon_camera/share/robocon_camera/package.sh'
[4.651s] INFO:colcon.colcon_core.shell:Creating package script '/home/thien123/ROS2WS/robocon_ws/install/robocon_camera/share/robocon_camera/package.bash'
[4.651s] INFO:colcon.colcon_core.shell:Creating package script '/home/thien123/ROS2WS/robocon_ws/install/robocon_camera/share/robocon_camera/package.zsh'
[4.651s] Level 1:colcon.colcon_core.environment:create_file_with_runtime_dependencies(/home/thien123/ROS2WS/robocon_ws/install/robocon_camera/share/colcon-core/packages/robocon_camera)
[4.652s] DEBUG:colcon.colcon_parallel_executor.executor.parallel:closing loop
[4.652s] DEBUG:colcon.colcon_parallel_executor.executor.parallel:loop closed
[4.652s] DEBUG:colcon.colcon_parallel_executor.executor.parallel:run_until_complete finished with '0'
[4.652s] DEBUG:colcon.colcon_core.event_reactor:joining thread
[4.657s] INFO:colcon.colcon_core.plugin_system:Skipping extension 'colcon_notification.desktop_notification.terminal_notifier': Not used on non-Darwin systems
[4.657s] INFO:colcon.colcon_core.plugin_system:Skipping extension 'colcon_notification.desktop_notification.win32': Not used on non-Windows systems
[4.657s] INFO:colcon.colcon_notification.desktop_notification:Sending desktop notification using 'notify2'
[4.668s] DEBUG:colcon.colcon_core.event_reactor:joined thread
[4.668s] INFO:colcon.colcon_core.shell:Creating prefix script '/home/thien123/ROS2WS/robocon_ws/install/local_setup.ps1'
[4.669s] INFO:colcon.colcon_core.shell:Creating prefix util module '/home/thien123/ROS2WS/robocon_ws/install/_local_setup_util_ps1.py'
[4.671s] INFO:colcon.colcon_core.shell:Creating prefix chain script '/home/thien123/ROS2WS/robocon_ws/install/setup.ps1'
[4.671s] INFO:colcon.colcon_core.shell:Creating prefix script '/home/thien123/ROS2WS/robocon_ws/install/local_setup.sh'
[4.672s] INFO:colcon.colcon_core.shell:Creating prefix util module '/home/thien123/ROS2WS/robocon_ws/install/_local_setup_util_sh.py'
[4.672s] INFO:colcon.colcon_core.shell:Creating prefix chain script '/home/thien123/ROS2WS/robocon_ws/install/setup.sh'
[4.673s] INFO:colcon.colcon_core.shell:Creating prefix script '/home/thien123/ROS2WS/robocon_ws/install/local_setup.bash'
[4.674s] INFO:colcon.colcon_core.shell:Creating prefix chain script '/home/thien123/ROS2WS/robocon_ws/install/setup.bash'
[4.675s] INFO:colcon.colcon_core.shell:Creating prefix script '/home/thien123/ROS2WS/robocon_ws/install/local_setup.zsh'
[4.675s] INFO:colcon.colcon_core.shell:Creating prefix chain script '/home/thien123/ROS2WS/robocon_ws/install/setup.zsh'
